2025-03-21 21:14:33 - INFO - Logger configurado com sucesso!
2025-03-21 21:16:14 - INFO - Logger configurado com sucesso!
2025-03-21 21:17:59 - INFO - Logger configurado com sucesso!
2025-03-21 21:18:40 - INFO - Logger configurado com sucesso!
2025-03-21 21:18:53 - INFO - Logger configurado com sucesso!
2025-03-21 21:19:56 - INFO - Logger configurado com sucesso!
2025-03-21 21:19:57 - INFO - Tabelas do banco de dados criadas com sucesso.
2025-03-21 21:19:57 - INFO - CORS configurado para permitir origens: ['http://web:80', 'http://localhost:3000']
2025-03-21 21:19:57 - INFO - Inicializa칞칚o da aplica칞칚o FastAPI...
2025-03-27 17:54:02 - INFO - Logger configurado com sucesso!
2025-03-27 17:54:02 - INFO - Tabelas do banco de dados criadas com sucesso.
2025-03-27 17:54:02 - INFO - CORS configurado para permitir origens: ['http://web:80', 'http://localhost:3000']
2025-03-27 17:54:02 - INFO - Inicializa칞칚o da aplica칞칚o FastAPI...
2025-03-27 18:02:53 - INFO - Logger configurado com sucesso!
2025-03-27 18:02:53 - INFO - Tabelas do banco de dados criadas com sucesso.
2025-03-27 18:02:53 - INFO - CORS configurado para permitir origens: ['http://web:80', 'http://localhost:3000']
2025-03-27 18:02:53 - INFO - Inicializa칞칚o da aplica칞칚o FastAPI...
2025-03-27 18:15:56 - INFO - Logger configurado com sucesso!
2025-03-27 18:15:57 - INFO - Tabelas do banco de dados criadas com sucesso.
2025-03-27 18:15:57 - INFO - CORS configurado para permitir origens: ['http://web:80', 'http://localhost:3000']
2025-03-27 18:15:57 - INFO - Inicializa칞칚o da aplica칞칚o FastAPI...
2025-03-27 19:04:37 - INFO - Logger configurado com sucesso!
2025-03-27 19:04:37 - INFO - Tabelas do banco de dados criadas com sucesso.
2025-03-27 19:04:37 - INFO - CORS configurado para permitir origens: ['http://web:80', 'http://localhost:3000']
2025-03-27 19:04:37 - INFO - Inicializa칞칚o da aplica칞칚o FastAPI...
2025-03-27 19:18:47 - INFO - Logger configurado com sucesso!
2025-03-27 19:18:51 - INFO - Tabelas do banco de dados criadas com sucesso.
2025-03-27 19:18:51 - INFO - CORS configurado para permitir origens: ['http://web:80', 'http://localhost:3000']
2025-03-27 19:18:51 - INFO - Inicializa칞칚o da aplica칞칚o FastAPI...
2025-03-27 22:29:29 - INFO - Logger configurado com sucesso!
2025-03-27 22:29:29 - INFO - Tabelas do banco de dados criadas com sucesso.
2025-03-27 22:29:29 - INFO - CORS configurado para permitir origens: ['http://web:80', 'http://localhost:3000']
2025-03-27 22:29:29 - INFO - Inicializa칞칚o da aplica칞칚o FastAPI...
2025-03-27 22:32:21 - INFO - Logger configurado com sucesso!
2025-03-27 22:32:21 - INFO - Tabelas do banco de dados criadas com sucesso.
2025-03-27 22:32:21 - INFO - CORS configurado para permitir origens: ['http://web:80', 'http://localhost:3000']
2025-03-27 22:32:21 - INFO - Inicializa칞칚o da aplica칞칚o FastAPI...
2025-03-27 22:34:12 - INFO - Logger configurado com sucesso!
2025-03-27 22:34:12 - INFO - Tabelas do banco de dados criadas com sucesso.
2025-03-27 22:34:12 - INFO - CORS configurado para permitir origens: ['http://web:80', 'http://localhost:3000']
2025-03-27 22:34:12 - INFO - Inicializa칞칚o da aplica칞칚o FastAPI...
2025-03-27 22:35:32 - INFO - Logger configurado com sucesso!
2025-03-27 22:35:32 - INFO - Tabelas do banco de dados criadas com sucesso.
2025-03-27 22:35:32 - INFO - CORS configurado para permitir origens: ['http://web:80', 'http://localhost:3000']
2025-03-27 22:35:32 - INFO - Inicializa칞칚o da aplica칞칚o FastAPI...
2025-03-27 22:56:31 - INFO - Logger configurado com sucesso!
2025-03-27 22:56:32 - INFO - Tabelas do banco de dados criadas com sucesso.
2025-03-27 22:56:32 - INFO - CORS configurado para permitir origens: ['http://web:80', 'http://localhost:3000']
2025-03-27 22:56:32 - INFO - Inicializa칞칚o da aplica칞칚o FastAPI...
2025-03-27 22:57:55 - INFO - Logger configurado com sucesso!
2025-03-27 22:57:55 - INFO - Tabelas do banco de dados criadas com sucesso.
2025-03-27 22:57:55 - INFO - CORS configurado para permitir origens: ['http://web:80', 'http://localhost:3000']
2025-03-27 22:57:55 - INFO - Inicializa칞칚o da aplica칞칚o FastAPI...
2025-03-27 23:00:25 - INFO - Logger configurado com sucesso!
2025-03-27 23:00:25 - INFO - Tabelas do banco de dados criadas com sucesso.
2025-03-27 23:00:25 - INFO - CORS configurado para permitir origens: ['http://web:80', 'http://localhost:3000']
2025-03-27 23:00:25 - INFO - Inicializa칞칚o da aplica칞칚o FastAPI...
2025-03-28 13:50:46 - INFO - Logger configurado com sucesso!
2025-03-28 13:50:46 - INFO - Tabelas do banco de dados criadas com sucesso.
2025-03-28 13:50:46 - INFO - CORS configurado para permitir origens: ['http://web:80', 'http://localhost:3000']
2025-03-28 13:50:46 - INFO - Inicializa칞칚o da aplica칞칚o FastAPI...
2025-03-28 13:53:02 - INFO - Logger configurado com sucesso!
2025-03-28 13:53:02 - INFO - Tabelas do banco de dados criadas com sucesso.
2025-03-28 13:53:02 - INFO - CORS configurado para permitir origens: ['http://web:80', 'http://localhost:3000']
2025-03-28 13:53:02 - INFO - Inicializa칞칚o da aplica칞칚o FastAPI...
2025-03-28 13:57:28 - INFO - Logger configurado com sucesso!
2025-03-28 13:57:28 - INFO - Tabelas do banco de dados criadas com sucesso.
2025-03-28 13:57:28 - INFO - CORS configurado para permitir origens: ['http://web:80', 'http://localhost:3000']
2025-03-28 13:57:28 - INFO - Inicializa칞칚o da aplica칞칚o FastAPI...
2025-03-28 14:04:52 - INFO - Logger configurado com sucesso!
2025-03-28 14:06:44 - INFO - Logger configurado com sucesso!
2025-03-28 14:06:45 - INFO - Tabelas do banco de dados criadas com sucesso.
2025-03-28 14:06:45 - INFO - CORS configurado para permitir origens: ['http://web:80', 'http://localhost:3000']
2025-03-28 14:06:45 - INFO - Inicializa칞칚o da aplica칞칚o FastAPI...
2025-03-28 14:16:14 - INFO - Logger configurado com sucesso!
2025-03-28 14:16:16 - INFO - Tabelas do banco de dados criadas com sucesso.
2025-03-28 14:16:16 - INFO - CORS configurado para permitir origens: ['http://web:80', 'http://localhost:3000']
2025-03-28 14:16:16 - INFO - Inicializa칞칚o da aplica칞칚o FastAPI...
2025-03-28 14:42:40 - INFO - Logger configurado com sucesso!
2025-03-28 14:42:41 - INFO - Tabelas do banco de dados criadas com sucesso.
2025-03-28 14:42:41 - INFO - CORS configurado para permitir origens: ['http://web:80', 'http://localhost:3000']
2025-03-28 14:42:41 - INFO - Inicializa칞칚o da aplica칞칚o FastAPI...
2025-03-28 14:45:02 - INFO - Logger configurado com sucesso!
2025-03-28 14:45:02 - INFO - Tabelas do banco de dados criadas com sucesso.
2025-03-28 14:45:02 - INFO - CORS configurado para permitir origens: ['http://web:80', 'http://localhost:3000']
2025-03-28 14:45:02 - INFO - Inicializa칞칚o da aplica칞칚o FastAPI...
2025-03-28 14:45:16 - INFO - Logger configurado com sucesso!
2025-03-28 14:45:16 - INFO - Tabelas do banco de dados criadas com sucesso.
2025-03-28 14:45:16 - INFO - CORS configurado para permitir origens: ['http://web:80', 'http://localhost:3000']
2025-03-28 14:45:16 - INFO - Inicializa칞칚o da aplica칞칚o FastAPI...
2025-03-28 14:45:21 - INFO - Logger configurado com sucesso!
2025-03-28 14:45:21 - INFO - Tabelas do banco de dados criadas com sucesso.
2025-03-28 14:45:21 - INFO - CORS configurado para permitir origens: ['http://web:80', 'http://localhost:3000']
2025-03-28 14:45:21 - INFO - Inicializa칞칚o da aplica칞칚o FastAPI...
2025-03-28 14:45:39 - INFO - Logger configurado com sucesso!
2025-03-28 14:45:39 - INFO - Tabelas do banco de dados criadas com sucesso.
2025-03-28 14:45:39 - INFO - CORS configurado para permitir origens: ['http://web:80', 'http://localhost:3000']
2025-03-28 14:45:39 - INFO - Inicializa칞칚o da aplica칞칚o FastAPI...
2025-03-28 14:46:02 - INFO - Logger configurado com sucesso!
2025-03-28 14:46:02 - INFO - Tabelas do banco de dados criadas com sucesso.
2025-03-28 14:46:02 - INFO - CORS configurado para permitir origens: ['http://web:80', 'http://localhost:3000']
2025-03-28 14:46:02 - INFO - Inicializa칞칚o da aplica칞칚o FastAPI...
2025-03-28 14:48:06 - INFO - Logger configurado com sucesso!
2025-03-28 14:48:07 - INFO - Tabelas do banco de dados criadas com sucesso.
2025-03-28 14:48:07 - INFO - CORS configurado para permitir origens: ['http://web:80', 'http://localhost:3000']
2025-03-28 14:48:07 - INFO - Inicializa칞칚o da aplica칞칚o FastAPI...
2025-03-28 14:48:08 - INFO - Logger configurado com sucesso!
2025-03-28 14:48:09 - INFO - Tabelas do banco de dados criadas com sucesso.
2025-03-28 14:48:09 - INFO - CORS configurado para permitir origens: ['http://web:80', 'http://localhost:3000']
2025-03-28 14:48:09 - INFO - Inicializa칞칚o da aplica칞칚o FastAPI...
2025-03-28 14:51:34 - INFO - Logger configurado com sucesso!
2025-03-28 14:51:34 - INFO - Tabelas do banco de dados criadas com sucesso.
2025-03-28 14:51:34 - INFO - CORS configurado para permitir origens: ['http://web:80', 'http://localhost:3000']
2025-03-28 14:51:34 - INFO - Inicializa칞칚o da aplica칞칚o FastAPI...
2025-03-28 14:52:04 - INFO - Logger configurado com sucesso!
2025-03-28 14:52:04 - INFO - Tabelas do banco de dados criadas com sucesso.
2025-03-28 14:52:04 - INFO - CORS configurado para permitir origens: ['http://web:80', 'http://localhost:3000']
2025-03-28 14:52:04 - INFO - Inicializa칞칚o da aplica칞칚o FastAPI...
2025-03-28 14:54:13 - INFO - Logger configurado com sucesso!
2025-03-28 14:54:13 - INFO - Tabelas do banco de dados criadas com sucesso.
2025-03-28 14:54:13 - INFO - CORS configurado para permitir origens: ['http://web:80', 'http://localhost:3000']
2025-03-28 14:54:13 - INFO - Inicializa칞칚o da aplica칞칚o FastAPI...
2025-03-28 14:54:46 - INFO - Logger configurado com sucesso!
2025-03-28 14:54:46 - INFO - Tabelas do banco de dados criadas com sucesso.
2025-03-28 14:54:46 - INFO - CORS configurado para permitir origens: ['http://web:80', 'http://localhost:3000']
2025-03-28 14:54:46 - INFO - Inicializa칞칚o da aplica칞칚o FastAPI...
2025-04-01 13:53:21 - INFO - Logger configurado com sucesso!
2025-04-01 13:53:21 - INFO - Tabelas do banco de dados criadas com sucesso.
2025-04-01 13:53:21 - INFO - CORS configurado para permitir origens: ['http://web:80', 'http://localhost:3000']
2025-04-01 13:53:21 - INFO - Inicializa칞칚o da aplica칞칚o FastAPI...
2025-04-01 14:09:30 - INFO - Logger configurado com sucesso!
2025-04-01 14:09:30 - INFO - Tabelas do banco de dados criadas com sucesso.
2025-04-01 14:09:30 - INFO - CORS configurado para permitir origens: ['http://web:80', 'http://localhost:3000']
2025-04-01 14:09:30 - INFO - Inicializa칞칚o da aplica칞칚o FastAPI...
2025-04-01 14:10:48 - INFO - Logger configurado com sucesso!
2025-04-01 14:10:48 - INFO - Tabelas do banco de dados criadas com sucesso.
2025-04-01 14:10:48 - INFO - CORS configurado para permitir origens: ['http://web:80', 'http://localhost:3000']
2025-04-01 14:10:48 - INFO - Inicializa칞칚o da aplica칞칚o FastAPI...
2025-04-01 14:26:52 - INFO - Logger configurado com sucesso!
2025-04-01 14:26:53 - INFO - Tabelas do banco de dados criadas com sucesso.
2025-04-01 14:26:53 - INFO - CORS configurado para permitir origens: ['http://web:80', 'http://localhost:3000']
2025-04-01 14:26:53 - INFO - Inicializa칞칚o da aplica칞칚o FastAPI...
2025-04-01 14:53:40 - INFO - Logger configurado com sucesso!
2025-04-01 14:53:41 - INFO - Tabelas do banco de dados criadas com sucesso.
2025-04-01 14:53:41 - INFO - CORS configurado para permitir origens: ['http://web:80', 'http://localhost:3000']
2025-04-01 14:53:41 - INFO - Inicializa칞칚o da aplica칞칚o FastAPI...
2025-04-01 14:54:18 - INFO - Logger configurado com sucesso!
2025-04-01 14:54:18 - INFO - Tabelas do banco de dados criadas com sucesso.
2025-04-01 14:54:18 - INFO - CORS configurado para permitir origens: ['http://web:80', 'http://localhost:3000']
2025-04-01 14:54:18 - INFO - Inicializa칞칚o da aplica칞칚o FastAPI...
2025-04-01 15:42:14 - INFO - Logger configurado com sucesso!
2025-04-01 15:42:14 - INFO - Tabelas do banco de dados criadas com sucesso.
2025-04-01 15:42:14 - INFO - CORS configurado para permitir origens: ['http://web:80', 'http://localhost:3000']
2025-04-01 15:42:14 - INFO - Inicializa칞칚o da aplica칞칚o FastAPI...
2025-04-01 15:43:22 - INFO - Logger configurado com sucesso!
2025-04-01 15:43:23 - INFO - Tabelas do banco de dados criadas com sucesso.
2025-04-01 15:43:23 - INFO - CORS configurado para permitir origens: ['http://web:80', 'http://localhost:3000']
2025-04-01 15:43:23 - INFO - Inicializa칞칚o da aplica칞칚o FastAPI...
2025-04-01 15:50:03 - INFO - Logger configurado com sucesso!
2025-04-01 15:50:03 - INFO - Tabelas do banco de dados criadas com sucesso.
2025-04-01 15:50:03 - INFO - CORS configurado para permitir origens: ['http://web:80', 'http://localhost:3000']
2025-04-01 15:50:03 - INFO - Inicializa칞칚o da aplica칞칚o FastAPI...
2025-04-01 15:53:13 - INFO - Logger configurado com sucesso!
2025-04-01 15:53:14 - INFO - Tabelas do banco de dados criadas com sucesso.
2025-04-01 15:53:14 - INFO - CORS configurado para permitir origens: ['http://web:80', 'http://localhost:3000']
2025-04-01 15:53:14 - INFO - Inicializa칞칚o da aplica칞칚o FastAPI...
2025-04-01 15:55:51 - INFO - Logger configurado com sucesso!
2025-04-01 15:55:51 - INFO - Tabelas do banco de dados criadas com sucesso.
2025-04-01 15:55:51 - INFO - CORS configurado para permitir origens: ['http://web:80', 'http://localhost:3000']
2025-04-01 15:55:51 - INFO - Inicializa칞칚o da aplica칞칚o FastAPI...
2025-04-01 15:56:15 - INFO - Logger configurado com sucesso!
2025-04-01 15:56:16 - INFO - Tabelas do banco de dados criadas com sucesso.
2025-04-01 15:56:16 - INFO - CORS configurado para permitir origens: ['http://web:80', 'http://localhost:3000']
2025-04-01 15:56:16 - INFO - Inicializa칞칚o da aplica칞칚o FastAPI...
2025-04-01 15:56:22 - INFO - Logger configurado com sucesso!
2025-04-01 15:56:22 - INFO - Tabelas do banco de dados criadas com sucesso.
2025-04-01 15:56:22 - INFO - CORS configurado para permitir origens: ['http://web:80', 'http://localhost:3000']
2025-04-01 15:56:22 - INFO - Inicializa칞칚o da aplica칞칚o FastAPI...
2025-04-01 15:56:52 - INFO - Logger configurado com sucesso!
2025-04-01 15:56:53 - INFO - Tabelas do banco de dados criadas com sucesso.
2025-04-01 15:56:53 - INFO - CORS configurado para permitir origens: ['http://web:80', 'http://localhost:3000']
2025-04-01 15:56:53 - INFO - Inicializa칞칚o da aplica칞칚o FastAPI...
2025-04-01 16:20:51 - INFO - Logger configurado com sucesso!
2025-04-01 16:20:51 - INFO - Tabelas do banco de dados criadas com sucesso.
2025-04-01 16:20:51 - INFO - CORS configurado para permitir origens: ['http://web:80', 'http://localhost:3000']
2025-04-01 16:20:51 - INFO - Inicializa칞칚o da aplica칞칚o FastAPI...
2025-04-01 16:26:23 - INFO - Logger configurado com sucesso!
2025-04-01 16:26:23 - INFO - Tabelas do banco de dados criadas com sucesso.
2025-04-01 16:26:23 - INFO - CORS configurado para permitir origens: ['http://web:80', 'http://localhost:3000']
2025-04-01 16:26:23 - INFO - Inicializa칞칚o da aplica칞칚o FastAPI...
2025-04-01 16:41:49 - INFO - Logger configurado com sucesso!
2025-04-01 16:42:22 - INFO - Logger configurado com sucesso!
2025-04-01 16:42:22 - INFO - Tabelas do banco de dados criadas com sucesso.
2025-04-01 16:42:22 - INFO - CORS configurado para permitir origens: ['http://web:80', 'http://localhost:3000']
2025-04-01 16:42:22 - INFO - Inicializa칞칚o da aplica칞칚o FastAPI...
2025-04-01 16:50:18 - INFO - Logger configurado com sucesso!
2025-04-01 16:50:35 - INFO - Logger configurado com sucesso!
2025-04-01 16:50:56 - INFO - Logger configurado com sucesso!
2025-04-01 16:51:26 - INFO - Logger configurado com sucesso!
2025-04-02 14:45:47 - INFO - Logger configurado com sucesso!
2025-04-02 14:45:48 - INFO - Tabelas do banco de dados criadas com sucesso.
2025-04-02 14:45:48 - INFO - CORS configurado para permitir origens: ['http://web:80', 'http://localhost:3000']
2025-04-02 14:45:48 - INFO - Inicializa칞칚o da aplica칞칚o FastAPI...
2025-04-02 14:59:36 - INFO - Logger configurado com sucesso!
2025-04-02 14:59:37 - INFO - Tabelas do banco de dados criadas com sucesso.
2025-04-02 14:59:37 - INFO - CORS configurado para permitir origens: ['http://web:80', 'http://localhost:3000']
2025-04-02 14:59:37 - INFO - Inicializa칞칚o da aplica칞칚o FastAPI...
2025-04-02 15:11:31 - INFO - Logger configurado com sucesso!
2025-04-02 15:11:31 - INFO - Tabelas do banco de dados criadas com sucesso.
2025-04-02 15:11:31 - INFO - CORS configurado para permitir origens: ['http://web:80', 'http://localhost:3000']
2025-04-02 15:11:31 - INFO - Inicializa칞칚o da aplica칞칚o FastAPI...
2025-04-02 15:17:16 - INFO - Usu치rio criado com sucesso: Leonardo (ID: 1)
2025-04-02 15:21:01 - INFO - Usu치rio autenticado com sucesso: leo@example.com
2025-04-02 15:21:15 - INFO - Usu치rio Leonardo autenticado com sucesso
2025-04-02 15:21:15 - INFO - Usu치rio acessou seus dados: Leonardo (ID: 1)
2025-04-02 16:13:43 - INFO - Logger configurado com sucesso!
2025-04-02 16:13:43 - INFO - Tabelas do banco de dados criadas com sucesso.
2025-04-02 16:13:43 - INFO - CORS configurado para permitir origens: ['http://web:80', 'http://localhost:3000']
2025-04-02 16:13:43 - INFO - Inicializa칞칚o da aplica칞칚o FastAPI...
2025-04-02 18:29:27 - WARNING - Tentativa de login falhou para o usu치rio: leo@example.com
2025-04-02 18:29:27 - ERROR - Erro ao processar login: 401: Credenciais inv치lidas
2025-04-02 18:30:32 - WARNING - Tentativa de login falhou para o usu치rio: 'leo@example.com'
2025-04-02 18:30:32 - ERROR - Erro ao processar login: 401: Credenciais inv치lidas
2025-04-02 18:31:00 - WARNING - Tentativa de login falhou para o usu치rio: leo@example.com
2025-04-02 18:31:00 - ERROR - Erro ao processar login: 401: Credenciais inv치lidas
2025-04-02 18:37:15 - INFO - Usu치rio criado com sucesso: Leonardo (ID: 1)
2025-04-02 18:38:42 - INFO - Usu치rio autenticado com sucesso: leo@example.com
2025-04-02 19:36:35 - INFO - Usu치rio autenticado com sucesso: leo@example.com
2025-04-02 19:37:27 - INFO - Usu치rio autenticado com sucesso: leo@example.com
2025-04-02 19:37:32 - INFO - Usu치rio Leonardo autenticado com sucesso
2025-04-02 19:37:32 - INFO - Usu치rio acessou seus dados: Leonardo (ID: 1)
2025-04-02 20:23:51 - INFO - Usu치rio autenticado com sucesso: leo@example.com
2025-04-02 22:31:30 - INFO - Usu치rio autenticado com sucesso: leo@example.com
2025-04-02 22:43:34 - INFO - Logger configurado com sucesso!
2025-04-02 22:43:35 - INFO - Tabelas do banco de dados criadas com sucesso.
2025-04-02 22:43:35 - INFO - CORS configurado para permitir origens: ['http://web:80', 'http://localhost:3000']
2025-04-02 22:43:35 - INFO - Inicializa칞칚o da aplica칞칚o FastAPI...
2025-04-02 22:43:57 - WARNING - Tentativa de login falhou para o usu치rio: leo@example.com
2025-04-02 22:43:57 - ERROR - Erro ao processar login: 401: Credenciais inv치lidas
2025-04-02 22:44:25 - INFO - Usu치rio criado com sucesso: Leo (ID: 1)
2025-04-02 22:45:16 - INFO - Usu치rio autenticado com sucesso: leo@example.com
2025-04-03 16:05:03 - INFO - Usu치rio autenticado com sucesso: leo@example.com
2025-04-03 16:05:08 - INFO - Usu치rio Leo autenticado com sucesso
2025-04-03 16:05:08 - INFO - Usu치rio acessou seus dados: Leo (ID: 1)
2025-04-03 16:05:25 - INFO - Usu치rio autenticado com sucesso: leo@example.com
2025-04-03 16:10:59 - INFO - Usu치rio autenticado com sucesso: leo@example.com
2025-04-03 17:43:17 - INFO - Logger configurado com sucesso!
2025-04-03 17:43:18 - INFO - Tabelas do banco de dados criadas com sucesso.
2025-04-03 17:43:18 - INFO - CORS configurado para permitir origens: ['http://web:80', 'http://localhost:3000']
2025-04-03 17:43:18 - INFO - Inicializa칞칚o da aplica칞칚o FastAPI...
2025-04-03 17:44:46 - INFO - Logger configurado com sucesso!
2025-04-03 17:44:47 - INFO - Tabelas do banco de dados criadas com sucesso.
2025-04-03 17:44:48 - INFO - CORS configurado para permitir origens: ['http://web:80', 'http://localhost:3000']
2025-04-03 17:44:48 - INFO - Inicializa칞칚o da aplica칞칚o FastAPI...
2025-04-03 17:46:02 - INFO - Usu치rio autenticado com sucesso: leo@example.com
2025-04-03 17:46:17 - INFO - Usu치rio Leo autenticado com sucesso
2025-04-03 17:46:17 - INFO - Usu치rio acessou seus dados: Leo (ID: 1)
2025-04-03 17:46:50 - INFO - Usu치rio criado com sucesso: teste (ID: 2)
2025-04-03 17:47:08 - INFO - Usu치rio autenticado com sucesso: teste@example.com
2025-04-03 18:01:02 - INFO - Logger configurado com sucesso!
2025-04-03 18:01:02 - INFO - Tabelas do banco de dados criadas com sucesso.
2025-04-03 18:01:02 - INFO - CORS configurado para permitir origens: ['http://web:80', 'http://localhost:3000']
2025-04-03 18:01:02 - INFO - Inicializa칞칚o da aplica칞칚o FastAPI...
2025-04-03 18:54:12 - INFO - Logger configurado com sucesso!
2025-04-03 18:54:13 - INFO - Tabelas do banco de dados criadas com sucesso.
2025-04-03 18:54:13 - INFO - CORS configurado para permitir origens: ['http://web:80', 'http://localhost:3000']
2025-04-03 18:54:13 - INFO - Inicializa칞칚o da aplica칞칚o FastAPI...
2025-04-03 18:54:51 - WARNING - Tentativa de login falhou para o usu치rio: teste@example.com
2025-04-03 18:54:51 - ERROR - Erro ao processar login: 401: Credenciais inv치lidas
2025-04-03 18:55:45 - INFO - Usu치rio criado com sucesso: leo (ID: 1)
2025-04-03 18:57:43 - INFO - Usu치rio autenticado com sucesso: leo@gmail.com
2025-05-09 02:36:29 - INFO - Logger configurado com sucesso!
2025-05-09 02:36:30 - INFO - Tabelas do banco de dados criadas com sucesso.
2025-05-09 02:36:30 - INFO - CORS configurado para permitir origens: ['http://web:80', 'http://localhost:3000']
2025-05-09 02:36:30 - INFO - Inicializa칞칚o da aplica칞칚o FastAPI...
2025-05-09 08:39:37 - INFO - Logger configurado com sucesso!
2025-05-09 08:39:38 - INFO - Tabelas do banco de dados criadas com sucesso.
2025-05-09 08:39:38 - INFO - CORS configurado para permitir origens: ['http://web:80', 'http://localhost:3000']
2025-05-09 08:39:38 - INFO - Inicializa칞칚o da aplica칞칚o FastAPI...
2025-05-12 01:26:42 - INFO - Logger configurado com sucesso!
2025-05-12 01:26:43 - INFO - Tabelas do banco de dados criadas com sucesso.
2025-05-12 01:26:43 - INFO - CORS configurado para permitir origens: ['http://web:80', 'http://localhost:3000']
2025-05-12 01:26:43 - INFO - Inicializa칞칚o da aplica칞칚o FastAPI...
2025-05-28 04:54:16 - INFO - Logger configurado com sucesso!
2025-05-28 05:06:51 - INFO - Logger configurado com sucesso!
2025-05-28 05:06:51 - INFO - Tabelas do banco de dados criadas com sucesso.
2025-05-28 05:06:51 - INFO - CORS configurado para permitir origens: ['http://web:80', 'http://localhost:3000']
2025-05-28 05:06:51 - INFO - Inicializa巫o da aplica巫o FastAPI...
2025-05-28 23:19:44 - ERROR - Erro ao criar usu痙io: (psycopg2.errors.InsufficientPrivilege) ERRO:  permiss伋 negada para sequ沙cia tb_usuarios_id_seq

[SQL: INSERT INTO tb_usuarios (nome, email, senha_hash) VALUES (%(nome)s, %(email)s, %(senha_hash)s) RETURNING tb_usuarios.id]
[parameters: {'nome': 'leoba', 'email': 'leoba@example.com', 'senha_hash': '$2b$12$ik7WLaSE2f2sRr05ROtLfeJapA6N34oVjoBQik.waiBHMzwDNUEv6'}]
(Background on this error at: https://sqlalche.me/e/20/f405)
2025-05-28 23:21:52 - INFO - Usu痙io criado com sucesso: leoba (ID: 1)
2025-05-28 23:38:08 - INFO - Usu痙io autenticado com sucesso: leoba@example.com
2025-05-29 02:47:40 - INFO - Logger configurado com sucesso!
2025-05-29 02:49:33 - INFO - Logger configurado com sucesso!
2025-05-29 02:49:35 - INFO - Tabelas do banco de dados criadas com sucesso.
2025-05-29 02:49:35 - INFO - CORS configurado para permitir origens: ['http://web:80', 'http://localhost:3000']
2025-05-29 02:49:35 - INFO - Inicializa巫o da aplica巫o FastAPI...
2025-05-29 02:50:55 - INFO - Usu痙io autenticado com sucesso: leoba@example.com
2025-05-29 02:52:41 - INFO - Usu痙io autenticado com sucesso: leoba@example.com
2025-05-29 02:52:52 - INFO - Usu痙io leoba autenticado com sucesso
2025-05-29 02:52:52 - INFO - Usu痙io acessou seus dados: leoba (ID: 1)
2025-05-29 03:59:58 - INFO - Logger configurado com sucesso!
2025-05-29 03:59:59 - INFO - Tabelas do banco de dados criadas com sucesso.
2025-05-29 03:59:59 - INFO - CORS configurado para permitir origens: ['http://web:80', 'http://localhost:3000']
2025-05-29 03:59:59 - INFO - Inicializa巫o da aplica巫o FastAPI...
2025-05-29 04:43:39 - INFO - Usu痙io autenticado com sucesso: leoba@example.com
2025-05-29 04:43:50 - INFO - Usu痙io leoba autenticado com sucesso
2025-05-29 04:43:50 - INFO - Usu痙io acessou seus dados: leoba (ID: 1)
2025-05-29 05:26:00 - INFO - Usu痙io autenticado com sucesso: leoba@example.com
2025-07-21 13:24:14 - INFO - Logger configurado com sucesso!
2025-07-21 13:24:16 - INFO - Tabelas do banco de dados criadas com sucesso.
2025-07-21 13:24:16 - INFO - CORS configurado para permitir origens: ['http://web:80', 'http://localhost:3000']
2025-07-21 13:24:16 - INFO - Inicializa巫o da aplica巫o FastAPI...
2025-07-21 13:35:20 - INFO - Usu痙io autenticado com sucesso: leoba@example.com
2025-07-21 13:35:34 - INFO - Usu痙io leoba autenticado com sucesso
2025-07-21 13:35:34 - INFO - Usu痙io acessou seus dados: leoba (ID: 1)
2025-07-21 13:36:32 - INFO - Usu痙io autenticado com sucesso: leoba@example.com
2025-07-21 16:08:25 - INFO - Logger configurado com sucesso!
2025-07-21 16:08:26 - INFO - Tabelas do banco de dados criadas com sucesso.
2025-07-21 16:08:26 - INFO - CORS configurado para permitir origens: ['http://web:80', 'http://localhost:3000']
2025-07-21 16:08:26 - INFO - Inicializa巫o da aplica巫o FastAPI...
2025-07-21 16:10:15 - INFO - Logger configurado com sucesso!
2025-07-21 16:10:15 - INFO - Tabelas do banco de dados criadas com sucesso.
2025-07-21 16:10:15 - INFO - CORS configurado para permitir origens: ['http://web:80', 'http://localhost:3000']
2025-07-21 16:10:15 - INFO - Inicializa巫o da aplica巫o FastAPI...
2025-07-21 16:11:36 - INFO - Logger configurado com sucesso!
2025-07-21 16:11:36 - INFO - Tabelas do banco de dados criadas com sucesso.
2025-07-21 16:11:36 - INFO - CORS configurado para permitir origens: ['http://web:80', 'http://localhost:3000']
2025-07-21 16:11:36 - INFO - Inicializa巫o da aplica巫o FastAPI...
2025-07-21 16:12:22 - INFO - Logger configurado com sucesso!
2025-07-21 16:12:23 - INFO - Tabelas do banco de dados criadas com sucesso.
2025-07-21 16:12:23 - INFO - CORS configurado para permitir origens: ['http://web:80', 'http://localhost:3000']
2025-07-21 16:12:23 - INFO - Inicializa巫o da aplica巫o FastAPI...
2025-07-21 16:13:36 - INFO - Logger configurado com sucesso!
2025-07-21 16:13:37 - INFO - Tabelas do banco de dados criadas com sucesso.
2025-07-21 16:13:37 - INFO - CORS configurado para permitir origens: ['http://web:80', 'http://localhost:3000']
2025-07-21 16:13:37 - INFO - Inicializa巫o da aplica巫o FastAPI...
2025-07-22 16:37:37 - INFO - Logger configurado com sucesso!
2025-07-22 16:37:38 - INFO - Tabelas do banco de dados criadas com sucesso.
2025-07-22 16:37:38 - INFO - CORS configurado para permitir origens: ['http://web:80', 'http://localhost:3000']
2025-07-22 16:37:38 - INFO - Inicializa巫o da aplica巫o FastAPI...
2025-07-22 16:38:14 - INFO - Logger configurado com sucesso!
2025-07-22 16:38:14 - INFO - Tabelas do banco de dados criadas com sucesso.
2025-07-22 16:38:14 - INFO - CORS configurado para permitir origens: ['http://web:80', 'http://localhost:3000']
2025-07-22 16:38:14 - INFO - Inicializa巫o da aplica巫o FastAPI...
2025-07-23 10:25:06 - INFO - Logger configurado com sucesso!
2025-07-23 10:25:07 - INFO - Tabelas do banco de dados criadas com sucesso.
2025-07-23 10:25:07 - INFO - CORS configurado para permitir origens: ['http://web:80', 'http://localhost:3000']
2025-07-23 10:25:07 - INFO - Inicializa巫o da aplica巫o FastAPI...
2025-07-23 10:26:04 - INFO - Logger configurado com sucesso!
2025-07-23 10:26:05 - INFO - Tabelas do banco de dados criadas com sucesso.
2025-07-23 10:26:05 - INFO - CORS configurado para permitir origens: ['http://web:80', 'http://localhost:3000']
2025-07-23 10:26:05 - INFO - Inicializa巫o da aplica巫o FastAPI...
2025-07-23 10:31:11 - INFO - Logger configurado com sucesso!
2025-07-23 10:31:11 - INFO - Tabelas do banco de dados criadas com sucesso.
2025-07-23 10:31:11 - INFO - CORS configurado para permitir origens: ['http://web:80', 'http://localhost:3000']
2025-07-23 10:31:11 - INFO - Inicializa巫o da aplica巫o FastAPI...
2025-07-23 10:32:35 - INFO - Logger configurado com sucesso!
2025-07-23 10:32:35 - INFO - Tabelas do banco de dados criadas com sucesso.
2025-07-23 10:32:35 - INFO - CORS configurado para permitir origens: ['http://web:80', 'http://localhost:3000']
2025-07-23 10:32:35 - INFO - Inicializa巫o da aplica巫o FastAPI...
2025-07-23 10:33:43 - INFO - Logger configurado com sucesso!
2025-07-23 10:33:44 - INFO - Tabelas do banco de dados criadas com sucesso.
2025-07-23 10:33:44 - INFO - CORS configurado para permitir origens: ['http://web:80', 'http://localhost:3000']
2025-07-23 10:33:44 - INFO - Inicializa巫o da aplica巫o FastAPI...
2025-07-23 10:34:25 - INFO - Logger configurado com sucesso!
2025-07-23 10:34:25 - INFO - Tabelas do banco de dados criadas com sucesso.
2025-07-23 10:34:25 - INFO - CORS configurado para permitir origens: ['http://web:80', 'http://localhost:3000']
2025-07-23 10:34:25 - INFO - Inicializa巫o da aplica巫o FastAPI...
2025-07-23 11:25:46 - INFO - Logger configurado com sucesso!
2025-07-23 11:25:48 - INFO - Tabelas do banco de dados criadas com sucesso.
2025-07-23 11:25:48 - INFO - CORS configurado para permitir origens: ['http://web:80', 'http://localhost:3000']
2025-07-23 11:25:48 - INFO - Inicializa巫o da aplica巫o FastAPI...
2025-07-23 11:29:20 - INFO - Logger configurado com sucesso!
2025-07-23 11:29:20 - INFO - Tabelas do banco de dados criadas com sucesso.
2025-07-23 11:29:20 - INFO - CORS configurado para permitir origens: ['http://web:80', 'http://localhost:3000']
2025-07-23 11:29:20 - INFO - Inicializa巫o da aplica巫o FastAPI...
2025-07-23 11:44:03 - INFO - Logger configurado com sucesso!
2025-07-23 11:44:03 - INFO - Tabelas do banco de dados criadas com sucesso.
2025-07-23 11:44:03 - INFO - CORS configurado para permitir origens: ['http://web:80', 'http://localhost:3000']
2025-07-23 11:44:03 - INFO - Inicializa巫o da aplica巫o FastAPI...
2025-07-26 20:58:14 - INFO - Usu痙io autenticado com sucesso: leoba@example.com
2025-07-26 20:58:38 - INFO - Usu痙io leoba autenticado com sucesso
2025-07-26 20:58:38 - INFO - Usu痙io acessou seus dados: leoba (ID: 1)
2025-07-26 21:02:50 - INFO - Usu痙io autenticado com sucesso: leoba@example.com
2025-07-26 21:02:55 - INFO - Usu痙io autenticado com sucesso: leoba@example.com
2025-07-26 21:03:00 - INFO - Usu痙io autenticado com sucesso: leoba@example.com
2025-07-26 21:03:06 - INFO - Usu痙io autenticado com sucesso: leoba@example.com
2025-07-26 21:03:13 - INFO - Usu痙io autenticado com sucesso: leoba@example.com
2025-07-26 21:06:44 - INFO - Usu痙io autenticado com sucesso: leoba@example.com
2025-07-26 21:06:57 - INFO - Usu痙io autenticado com sucesso: leoba@example.com
2025-07-26 21:07:35 - INFO - Usu痙io autenticado com sucesso: leoba@example.com
2025-07-26 21:34:32 - INFO - Usu痙io autenticado com sucesso: leoba@example.com
2025-07-26 21:39:25 - INFO - Usu痙io autenticado com sucesso: leoba@example.com
2025-07-28 12:49:33 - INFO - Usu痙io autenticado com sucesso: leoba@example.com
2025-07-30 09:46:26 - INFO - Logger configurado com sucesso!
2025-07-30 09:46:28 - INFO - Tabelas do banco de dados criadas com sucesso.
2025-07-30 09:46:28 - INFO - CORS configurado para permitir origens: ['http://web:80', 'http://localhost:3000']
2025-07-30 09:46:28 - INFO - Inicializa巫o da aplica巫o FastAPI...
2025-07-30 09:57:46 - INFO - Usu痙io autenticado com sucesso: leoba@example.com
2025-07-30 10:11:16 - INFO - Usu痙io autenticado com sucesso: leoba@example.com
2025-07-30 10:12:04 - INFO - Usu痙io autenticado com sucesso: leoba@example.com
2025-07-30 10:25:10 - INFO - Usu痙io autenticado com sucesso: leoba@example.com
2025-07-30 11:21:09 - INFO - Usu痙io autenticado com sucesso: leoba@example.com
2025-07-30 11:28:21 - INFO - Usu痙io autenticado com sucesso: leoba@example.com
2025-07-30 11:48:10 - INFO - Usu痙io autenticado com sucesso: leoba@example.com
2025-07-30 14:04:37 - INFO - Usu痙io autenticado com sucesso: leoba@example.com
2025-07-30 20:23:27 - INFO - Usu痙io autenticado com sucesso: leoba@example.com
2025-08-01 15:44:21 - INFO - Usu痙io autenticado com sucesso: leoba@example.com
2025-08-04 15:09:11 - INFO - Logger configurado com sucesso!
2025-08-04 15:09:13 - INFO - Tabelas do banco de dados criadas com sucesso.
2025-08-04 15:09:13 - INFO - CORS configurado para permitir origens: ['http://web:80', 'http://localhost:3000']
2025-08-04 15:09:13 - INFO - Inicializa巫o da aplica巫o FastAPI...
2025-08-04 15:13:15 - INFO - Usu痙io autenticado com sucesso: leoba@example.com
2025-08-04 15:37:19 - INFO - Logger configurado com sucesso!
2025-08-04 15:37:20 - INFO - Tabelas do banco de dados criadas com sucesso.
2025-08-04 15:37:20 - INFO - CORS configurado para permitir origens: ['http://web:80', 'http://localhost:3000']
2025-08-04 15:37:20 - INFO - Inicializa巫o da aplica巫o FastAPI...
2025-08-04 15:40:26 - INFO - Logger configurado com sucesso!
2025-08-04 15:40:26 - INFO - Tabelas do banco de dados criadas com sucesso.
2025-08-04 15:40:26 - INFO - CORS configurado para permitir origens: ['http://web:80', 'http://localhost:3000']
2025-08-04 15:40:26 - INFO - Inicializa巫o da aplica巫o FastAPI...
2025-08-04 15:40:33 - INFO - Logger configurado com sucesso!
2025-08-04 15:40:33 - INFO - Tabelas do banco de dados criadas com sucesso.
2025-08-04 15:40:33 - INFO - CORS configurado para permitir origens: ['http://web:80', 'http://localhost:3000']
2025-08-04 15:40:33 - INFO - Inicializa巫o da aplica巫o FastAPI...
2025-08-04 15:40:37 - INFO - Logger configurado com sucesso!
2025-08-04 15:40:37 - INFO - Tabelas do banco de dados criadas com sucesso.
2025-08-04 15:40:37 - INFO - CORS configurado para permitir origens: ['http://web:80', 'http://localhost:3000']
2025-08-04 15:40:37 - INFO - Inicializa巫o da aplica巫o FastAPI...
2025-08-06 11:19:13 - INFO - Logger configurado com sucesso!
2025-08-06 11:19:14 - INFO - Tabelas do banco de dados criadas com sucesso.
2025-08-06 11:19:14 - INFO - CORS configurado para permitir origens: ['http://web:80', 'http://localhost:3000']
2025-08-06 11:19:14 - INFO - Inicializa巫o da aplica巫o FastAPI...
2025-08-06 11:19:58 - INFO - Logger configurado com sucesso!
2025-08-06 11:19:59 - INFO - Tabelas do banco de dados criadas com sucesso.
2025-08-06 11:19:59 - INFO - CORS configurado para permitir origens: ['http://web:80', 'http://localhost:3000']
2025-08-06 11:19:59 - INFO - Inicializa巫o da aplica巫o FastAPI...
2025-08-06 11:22:36 - INFO - Logger configurado com sucesso!
2025-08-06 11:22:36 - INFO - Tabelas do banco de dados criadas com sucesso.
2025-08-06 11:22:36 - INFO - CORS configurado para permitir origens: ['http://web:80', 'http://localhost:3000']
2025-08-06 11:22:36 - INFO - Inicializa巫o da aplica巫o FastAPI...
2025-08-06 11:23:09 - INFO - Logger configurado com sucesso!
2025-08-06 11:23:09 - INFO - Tabelas do banco de dados criadas com sucesso.
2025-08-06 11:23:09 - INFO - CORS configurado para permitir origens: ['http://web:80', 'http://localhost:3000']
2025-08-06 11:23:09 - INFO - Inicializa巫o da aplica巫o FastAPI...
